[29-Dec-2020 12:51:40 -0600]: <bb5a23be> In migration: 0000-dbinit
[29-Dec-2020 12:51:40 -0600]: <bb5a23be> Found 7 matches
[29-Dec-2020 12:51:40 -0600]: <bb5a23be> In migration: 0000-sample
[29-Dec-2020 12:51:40 -0600]: <bb5a23be> Found 1 matches
[29-Dec-2020 12:51:40 -0600]: <bb5a23be> In migration: 0001-categories
[29-Dec-2020 12:51:40 -0600]: <bb5a23be> Found 1 matches
[29-Dec-2020 12:51:41 -0600]: <bb5a23be> In migration: 0002-increasetextfieldlengths
[29-Dec-2020 12:51:41 -0600]: <bb5a23be> Found 7 matches
[29-Dec-2020 12:51:41 -0600]: <bb5a23be> In migration: 0003-fixtimestampdefaultvalue
[29-Dec-2020 12:51:41 -0600]: <bb5a23be> Found 1 matches
[29-Dec-2020 12:51:41 -0600]: <bb5a23be> In migration: 0004-fixtimestampdefaultvalue
[29-Dec-2020 12:51:41 -0600]: <bb5a23be> Found 1 matches
[29-Dec-2020 12:51:41 -0600]: <bb5a23be> In migration: 0005-changemysqlut8toutf8mb4
[29-Dec-2020 12:51:41 -0600]: <bb5a23be> Found 1 matches
[14-Jun-2021 13:08:46 -0500]: <164fa1f8> In migration: 0000-dbinit
[14-Jun-2021 13:08:46 -0500]: <164fa1f8> Found 7 matches
[14-Jun-2021 13:08:47 -0500]: <164fa1f8> In migration: 0000-sample
[14-Jun-2021 13:08:47 -0500]: <164fa1f8> Found 1 matches
[14-Jun-2021 13:08:47 -0500]: <164fa1f8> In migration: 0001-categories
[14-Jun-2021 13:08:47 -0500]: <164fa1f8> Found 1 matches
[14-Jun-2021 13:08:49 -0500]: <164fa1f8> In migration: 0002-increasetextfieldlengths
[14-Jun-2021 13:08:49 -0500]: <164fa1f8> Found 7 matches
[14-Jun-2021 13:08:49 -0500]: <164fa1f8> In migration: 0003-fixtimestampdefaultvalue
[14-Jun-2021 13:08:49 -0500]: <164fa1f8> Found 1 matches
[14-Jun-2021 13:08:49 -0500]: <164fa1f8> In migration: 0004-fixtimestampdefaultvalue
[14-Jun-2021 13:08:49 -0500]: <164fa1f8> Found 1 matches
[14-Jun-2021 13:08:49 -0500]: <164fa1f8> In migration: 0005-changemysqlut8toutf8mb4
[14-Jun-2021 13:08:49 -0500]: <164fa1f8> Found 1 matches
